2024-05-08T15:02:42.709+08:00  INFO 93891 --- [haishi-admin] [main] c.haishi.admin.HaishiAdminApplication    : Starting HaishiAdminApplication using Java 17.0.10 with PID 93891 (/Users/yangyang/Projects/HaiShi/haishi-admin/target/classes started by yangyang in /Users/yangyang/Projects/HaiShi/haishi-admin)
2024-05-08T15:02:42.712+08:00 DEBUG 93891 --- [haishi-admin] [main] c.haishi.admin.HaishiAdminApplication    : Running with Spring Boot v3.2.5, Spring v6.1.6
2024-05-08T15:02:42.713+08:00  INFO 93891 --- [haishi-admin] [main] c.haishi.admin.HaishiAdminApplication    : The following 1 profile is active: "dev"
2024-05-08T15:02:43.595+08:00  INFO 93891 --- [haishi-admin] [main] .s.d.r.c.RepositoryConfigurationDelegate : Multiple Spring Data modules found, entering strict repository configuration mode
2024-05-08T15:02:43.596+08:00  INFO 93891 --- [haishi-admin] [main] .s.d.r.c.RepositoryConfigurationDelegate : Bootstrapping Spring Data JPA repositories in DEFAULT mode.
2024-05-08T15:02:43.825+08:00  INFO 93891 --- [haishi-admin] [main] .s.d.r.c.RepositoryConfigurationDelegate : Finished Spring Data repository scanning in 223 ms. Found 6 JPA repository interfaces.
2024-05-08T15:02:43.843+08:00  INFO 93891 --- [haishi-admin] [main] .s.d.r.c.RepositoryConfigurationDelegate : Multiple Spring Data modules found, entering strict repository configuration mode
2024-05-08T15:02:43.846+08:00  INFO 93891 --- [haishi-admin] [main] .s.d.r.c.RepositoryConfigurationDelegate : Bootstrapping Spring Data Redis repositories in DEFAULT mode.
2024-05-08T15:02:43.865+08:00  INFO 93891 --- [haishi-admin] [main] .RepositoryConfigurationExtensionSupport : Spring Data Redis - Could not safely identify store assignment for repository candidate interface com.haishi.admin.cloak.dao.BlacklistIpRepository; If you want this repository to be a Redis repository, consider annotating your entities with one of these annotations: org.springframework.data.redis.core.RedisHash (preferred), or consider extending one of the following types with your repository: org.springframework.data.keyvalue.repository.KeyValueRepository
2024-05-08T15:02:43.866+08:00  INFO 93891 --- [haishi-admin] [main] .RepositoryConfigurationExtensionSupport : Spring Data Redis - Could not safely identify store assignment for repository candidate interface com.haishi.admin.cloak.dao.CloakConfigRepository; If you want this repository to be a Redis repository, consider annotating your entities with one of these annotations: org.springframework.data.redis.core.RedisHash (preferred), or consider extending one of the following types with your repository: org.springframework.data.keyvalue.repository.KeyValueRepository
2024-05-08T15:02:43.866+08:00  INFO 93891 --- [haishi-admin] [main] .RepositoryConfigurationExtensionSupport : Spring Data Redis - Could not safely identify store assignment for repository candidate interface com.haishi.admin.cloak.dao.CloakLogRepository; If you want this repository to be a Redis repository, consider annotating your entities with one of these annotations: org.springframework.data.redis.core.RedisHash (preferred), or consider extending one of the following types with your repository: org.springframework.data.keyvalue.repository.KeyValueRepository
2024-05-08T15:02:43.866+08:00  INFO 93891 --- [haishi-admin] [main] .RepositoryConfigurationExtensionSupport : Spring Data Redis - Could not safely identify store assignment for repository candidate interface com.haishi.admin.loading.dao.LandingTemplateRepository; If you want this repository to be a Redis repository, consider annotating your entities with one of these annotations: org.springframework.data.redis.core.RedisHash (preferred), or consider extending one of the following types with your repository: org.springframework.data.keyvalue.repository.KeyValueRepository
2024-05-08T15:02:43.866+08:00  INFO 93891 --- [haishi-admin] [main] .RepositoryConfigurationExtensionSupport : Spring Data Redis - Could not safely identify store assignment for repository candidate interface com.haishi.admin.loading.dao.LoadingConfigRepository; If you want this repository to be a Redis repository, consider annotating your entities with one of these annotations: org.springframework.data.redis.core.RedisHash (preferred), or consider extending one of the following types with your repository: org.springframework.data.keyvalue.repository.KeyValueRepository
2024-05-08T15:02:43.866+08:00  INFO 93891 --- [haishi-admin] [main] .RepositoryConfigurationExtensionSupport : Spring Data Redis - Could not safely identify store assignment for repository candidate interface com.haishi.admin.shortlink.dao.ShortLinkConfigRepository; If you want this repository to be a Redis repository, consider annotating your entities with one of these annotations: org.springframework.data.redis.core.RedisHash (preferred), or consider extending one of the following types with your repository: org.springframework.data.keyvalue.repository.KeyValueRepository
2024-05-08T15:02:43.866+08:00  INFO 93891 --- [haishi-admin] [main] .s.d.r.c.RepositoryConfigurationDelegate : Finished Spring Data repository scanning in 4 ms. Found 0 Redis repository interfaces.
2024-05-08T15:02:44.491+08:00  INFO 93891 --- [haishi-admin] [main] o.s.b.w.embedded.tomcat.TomcatWebServer  : Tomcat initialized with port 8888 (http)
2024-05-08T15:02:44.502+08:00  INFO 93891 --- [haishi-admin] [main] o.apache.catalina.core.StandardService   : Starting service [Tomcat]
2024-05-08T15:02:44.502+08:00  INFO 93891 --- [haishi-admin] [main] o.apache.catalina.core.StandardEngine    : Starting Servlet engine: [Apache Tomcat/10.1.20]
2024-05-08T15:02:44.557+08:00  INFO 93891 --- [haishi-admin] [main] o.a.c.c.C.[Tomcat].[localhost].[/api]    : Initializing Spring embedded WebApplicationContext
2024-05-08T15:02:44.557+08:00  INFO 93891 --- [haishi-admin] [main] w.s.c.ServletWebServerApplicationContext : Root WebApplicationContext: initialization completed in 1790 ms
2024-05-08T15:02:44.775+08:00  INFO 93891 --- [haishi-admin] [main] o.hibernate.jpa.internal.util.LogHelper  : HHH000204: Processing PersistenceUnitInfo [name: default]
2024-05-08T15:02:44.824+08:00  INFO 93891 --- [haishi-admin] [main] org.hibernate.Version                    : HHH000412: Hibernate ORM core version 6.4.4.Final
2024-05-08T15:02:44.847+08:00  INFO 93891 --- [haishi-admin] [main] o.h.c.internal.RegionFactoryInitiator    : HHH000026: Second-level cache disabled
2024-05-08T15:02:45.019+08:00  INFO 93891 --- [haishi-admin] [main] o.s.o.j.p.SpringPersistenceUnitInfo      : No LoadTimeWeaver setup: ignoring JPA class transformer
2024-05-08T15:02:45.039+08:00  INFO 93891 --- [haishi-admin] [main] com.zaxxer.hikari.HikariDataSource       : HikariCP - Starting...
2024-05-08T15:02:49.258+08:00  INFO 93891 --- [haishi-admin] [main] com.zaxxer.hikari.pool.HikariPool        : HikariCP - Added connection org.postgresql.jdbc.PgConnection@2ff2a096
2024-05-08T15:02:49.261+08:00  INFO 93891 --- [haishi-admin] [main] com.zaxxer.hikari.HikariDataSource       : HikariCP - Start completed.
2024-05-08T15:02:49.905+08:00  WARN 93891 --- [haishi-admin] [main] org.hibernate.orm.deprecation            : HHH90000025: PostgreSQLDialect does not need to be specified explicitly using 'hibernate.dialect' (remove the property setting and it will be selected by default)
2024-05-08T15:02:51.784+08:00  INFO 93891 --- [haishi-admin] [main] o.h.e.t.j.p.i.JtaPlatformInitiator       : HHH000489: No JTA platform available (set 'hibernate.transaction.jta.platform' to enable JTA platform integration)
2024-05-08T15:02:54.714+08:00  INFO 93891 --- [haishi-admin] [main] j.LocalContainerEntityManagerFactoryBean : Initialized JPA EntityManagerFactory for persistence unit 'default'
2024-05-08T15:02:55.258+08:00  INFO 93891 --- [haishi-admin] [main] org.redisson.Version                     : Redisson 3.22.1
2024-05-08T15:02:55.281+08:00 ERROR 93891 --- [haishi-admin] [main] i.n.r.d.DnsServerAddressStreamProviders  : Unable to load io.netty.resolver.dns.macos.MacOSDnsServerAddressStreamProvider, fallback to system defaults. This may result in incorrect DNS resolutions on MacOS. Check whether you have a dependency on 'io.netty:netty-resolver-dns-native-macos'. Use DEBUG level to see the full stack: java.lang.UnsatisfiedLinkError: failed to load the required native library
2024-05-08T15:02:56.471+08:00  INFO 93891 --- [haishi-admin] [redisson-netty-2-7] o.r.c.pool.MasterPubSubConnectionPool    : 1 connections initialized for localhost/127.0.0.1:6379
2024-05-08T15:03:16.008+08:00  INFO 93891 --- [haishi-admin] [redisson-netty-2-20] o.r.c.pool.MasterConnectionPool          : 24 connections initialized for localhost/127.0.0.1:6379
2024-05-08T15:03:16.413+08:00  WARN 93891 --- [haishi-admin] [main] JpaBaseConfiguration$JpaWebConfiguration : spring.jpa.open-in-view is enabled by default. Therefore, database queries may be performed during view rendering. Explicitly configure spring.jpa.open-in-view to disable this warning
2024-05-08T15:03:17.094+08:00  INFO 93891 --- [haishi-admin] [main] o.s.b.a.e.web.EndpointLinksResolver      : Exposing 1 endpoint(s) beneath base path '/actuator'
2024-05-08T15:03:17.174+08:00  INFO 93891 --- [haishi-admin] [main] o.s.b.w.embedded.tomcat.TomcatWebServer  : Tomcat started on port 8888 (http) with context path '/api'
2024-05-08T15:03:17.187+08:00  INFO 93891 --- [haishi-admin] [main] c.haishi.admin.HaishiAdminApplication    : Started HaishiAdminApplication in 34.761 seconds (process running for 36.076)
2024-05-08T15:05:00.511+08:00  INFO 93891 --- [haishi-admin] [scheduling-1] c.h.admin.shortlink.task.ShortlinkTask   : 开始统计短链接的pv和uv
2024-05-08T15:05:29.711+08:00  INFO 93891 --- [haishi-admin] [scheduling-1] c.h.admin.shortlink.task.ShortlinkTask   : 统计短链接的pv和uv结束
2024-05-08T15:10:00.227+08:00  INFO 93891 --- [haishi-admin] [scheduling-1] c.h.admin.shortlink.task.ShortlinkTask   : 开始统计短链接的pv和uv
2024-05-08T15:10:24.677+08:00  INFO 93891 --- [haishi-admin] [scheduling-1] c.h.admin.shortlink.task.ShortlinkTask   : 统计短链接的pv和uv结束
2024-05-08T15:15:00.342+08:00  INFO 93891 --- [haishi-admin] [scheduling-1] c.h.admin.shortlink.task.ShortlinkTask   : 开始统计短链接的pv和uv
2024-05-08T15:15:25.332+08:00  INFO 93891 --- [haishi-admin] [scheduling-1] c.h.admin.shortlink.task.ShortlinkTask   : 统计短链接的pv和uv结束
2024-05-08T15:20:00.247+08:00  INFO 93891 --- [haishi-admin] [scheduling-1] c.h.admin.shortlink.task.ShortlinkTask   : 开始统计短链接的pv和uv
2024-05-08T15:20:24.368+08:00  INFO 93891 --- [haishi-admin] [scheduling-1] c.h.admin.shortlink.task.ShortlinkTask   : 统计短链接的pv和uv结束
2024-05-08T15:25:00.464+08:00  INFO 93891 --- [haishi-admin] [scheduling-1] c.h.admin.shortlink.task.ShortlinkTask   : 开始统计短链接的pv和uv
2024-05-08T15:25:24.551+08:00  INFO 93891 --- [haishi-admin] [scheduling-1] c.h.admin.shortlink.task.ShortlinkTask   : 统计短链接的pv和uv结束
2024-05-08T15:30:00.496+08:00  INFO 93891 --- [haishi-admin] [scheduling-1] c.h.admin.shortlink.task.ShortlinkTask   : 开始统计短链接的pv和uv
2024-05-08T15:30:26.241+08:00  INFO 93891 --- [haishi-admin] [scheduling-1] c.h.admin.shortlink.task.ShortlinkTask   : 统计短链接的pv和uv结束
2024-05-08T15:35:00.502+08:00  INFO 93891 --- [haishi-admin] [scheduling-1] c.h.admin.shortlink.task.ShortlinkTask   : 开始统计短链接的pv和uv
2024-05-08T15:35:26.622+08:00  INFO 93891 --- [haishi-admin] [scheduling-1] c.h.admin.shortlink.task.ShortlinkTask   : 统计短链接的pv和uv结束
2024-05-08T15:40:00.275+08:00  INFO 93891 --- [haishi-admin] [scheduling-1] c.h.admin.shortlink.task.ShortlinkTask   : 开始统计短链接的pv和uv
2024-05-08T15:40:30.267+08:00  INFO 93891 --- [haishi-admin] [scheduling-1] c.h.admin.shortlink.task.ShortlinkTask   : 统计短链接的pv和uv结束
2024-05-08T15:45:00.485+08:00  INFO 93891 --- [haishi-admin] [scheduling-1] c.h.admin.shortlink.task.ShortlinkTask   : 开始统计短链接的pv和uv
2024-05-08T15:45:27.994+08:00  INFO 93891 --- [haishi-admin] [scheduling-1] c.h.admin.shortlink.task.ShortlinkTask   : 统计短链接的pv和uv结束
2024-05-08T15:50:00.462+08:00  INFO 93891 --- [haishi-admin] [scheduling-1] c.h.admin.shortlink.task.ShortlinkTask   : 开始统计短链接的pv和uv
2024-05-08T15:50:24.134+08:00  INFO 93891 --- [haishi-admin] [scheduling-1] c.h.admin.shortlink.task.ShortlinkTask   : 统计短链接的pv和uv结束
2024-05-08T15:55:00.479+08:00  INFO 93891 --- [haishi-admin] [scheduling-1] c.h.admin.shortlink.task.ShortlinkTask   : 开始统计短链接的pv和uv
2024-05-08T15:55:24.067+08:00  INFO 93891 --- [haishi-admin] [scheduling-1] c.h.admin.shortlink.task.ShortlinkTask   : 统计短链接的pv和uv结束
2024-05-08T16:00:00.465+08:00  INFO 93891 --- [haishi-admin] [scheduling-1] c.h.admin.shortlink.task.ShortlinkTask   : 开始统计短链接的pv和uv
2024-05-08T16:00:24.240+08:00  INFO 93891 --- [haishi-admin] [scheduling-1] c.h.admin.shortlink.task.ShortlinkTask   : 统计短链接的pv和uv结束
2024-05-08T16:04:46.115+08:00  INFO 93891 --- [haishi-admin] [http-nio-8888-exec-1] o.a.c.c.C.[Tomcat].[localhost].[/api]    : Initializing Spring DispatcherServlet 'dispatcherServlet'
2024-05-08T16:04:46.115+08:00  INFO 93891 --- [haishi-admin] [http-nio-8888-exec-1] o.s.web.servlet.DispatcherServlet        : Initializing Servlet 'dispatcherServlet'
2024-05-08T16:04:46.126+08:00  INFO 93891 --- [haishi-admin] [http-nio-8888-exec-1] o.s.web.servlet.DispatcherServlet        : Completed initialization in 10 ms
2024-05-08T16:04:46.756+08:00  INFO 93891 --- [haishi-admin] [http-nio-8888-exec-1] o.springdoc.api.AbstractOpenApiResource  : Init duration for springdoc-openapi is: 580 ms
2024-05-08T16:05:00.491+08:00  INFO 93891 --- [haishi-admin] [scheduling-1] c.h.admin.shortlink.task.ShortlinkTask   : 开始统计短链接的pv和uv
2024-05-08T16:05:27.093+08:00  INFO 93891 --- [haishi-admin] [scheduling-1] c.h.admin.shortlink.task.ShortlinkTask   : 统计短链接的pv和uv结束
2024-05-08T16:05:44.410+08:00  INFO 94688 --- [haishi-admin] [main] c.haishi.admin.HaishiAdminApplication    : Starting HaishiAdminApplication using Java 17.0.10 with PID 94688 (/Users/yangyang/Projects/HaiShi/haishi-admin/target/classes started by yangyang in /Users/yangyang/Projects/HaiShi/haishi-admin)
2024-05-08T16:05:44.411+08:00 DEBUG 94688 --- [haishi-admin] [main] c.haishi.admin.HaishiAdminApplication    : Running with Spring Boot v3.2.5, Spring v6.1.6
2024-05-08T16:05:44.411+08:00  INFO 94688 --- [haishi-admin] [main] c.haishi.admin.HaishiAdminApplication    : The following 1 profile is active: "dev"
2024-05-08T16:05:45.149+08:00  INFO 94688 --- [haishi-admin] [main] .s.d.r.c.RepositoryConfigurationDelegate : Multiple Spring Data modules found, entering strict repository configuration mode
2024-05-08T16:05:45.150+08:00  INFO 94688 --- [haishi-admin] [main] .s.d.r.c.RepositoryConfigurationDelegate : Bootstrapping Spring Data JPA repositories in DEFAULT mode.
2024-05-08T16:05:45.360+08:00  INFO 94688 --- [haishi-admin] [main] .s.d.r.c.RepositoryConfigurationDelegate : Finished Spring Data repository scanning in 204 ms. Found 6 JPA repository interfaces.
2024-05-08T16:05:45.374+08:00  INFO 94688 --- [haishi-admin] [main] .s.d.r.c.RepositoryConfigurationDelegate : Multiple Spring Data modules found, entering strict repository configuration mode
2024-05-08T16:05:45.374+08:00  INFO 94688 --- [haishi-admin] [main] .s.d.r.c.RepositoryConfigurationDelegate : Bootstrapping Spring Data Redis repositories in DEFAULT mode.
2024-05-08T16:05:45.385+08:00  INFO 94688 --- [haishi-admin] [main] .RepositoryConfigurationExtensionSupport : Spring Data Redis - Could not safely identify store assignment for repository candidate interface com.haishi.admin.cloak.dao.BlacklistIpRepository; If you want this repository to be a Redis repository, consider annotating your entities with one of these annotations: org.springframework.data.redis.core.RedisHash (preferred), or consider extending one of the following types with your repository: org.springframework.data.keyvalue.repository.KeyValueRepository
2024-05-08T16:05:45.385+08:00  INFO 94688 --- [haishi-admin] [main] .RepositoryConfigurationExtensionSupport : Spring Data Redis - Could not safely identify store assignment for repository candidate interface com.haishi.admin.cloak.dao.CloakConfigRepository; If you want this repository to be a Redis repository, consider annotating your entities with one of these annotations: org.springframework.data.redis.core.RedisHash (preferred), or consider extending one of the following types with your repository: org.springframework.data.keyvalue.repository.KeyValueRepository
2024-05-08T16:05:45.385+08:00  INFO 94688 --- [haishi-admin] [main] .RepositoryConfigurationExtensionSupport : Spring Data Redis - Could not safely identify store assignment for repository candidate interface com.haishi.admin.cloak.dao.CloakLogRepository; If you want this repository to be a Redis repository, consider annotating your entities with one of these annotations: org.springframework.data.redis.core.RedisHash (preferred), or consider extending one of the following types with your repository: org.springframework.data.keyvalue.repository.KeyValueRepository
2024-05-08T16:05:45.385+08:00  INFO 94688 --- [haishi-admin] [main] .RepositoryConfigurationExtensionSupport : Spring Data Redis - Could not safely identify store assignment for repository candidate interface com.haishi.admin.loading.dao.LandingTemplateRepository; If you want this repository to be a Redis repository, consider annotating your entities with one of these annotations: org.springframework.data.redis.core.RedisHash (preferred), or consider extending one of the following types with your repository: org.springframework.data.keyvalue.repository.KeyValueRepository
2024-05-08T16:05:45.385+08:00  INFO 94688 --- [haishi-admin] [main] .RepositoryConfigurationExtensionSupport : Spring Data Redis - Could not safely identify store assignment for repository candidate interface com.haishi.admin.loading.dao.LoadingConfigRepository; If you want this repository to be a Redis repository, consider annotating your entities with one of these annotations: org.springframework.data.redis.core.RedisHash (preferred), or consider extending one of the following types with your repository: org.springframework.data.keyvalue.repository.KeyValueRepository
2024-05-08T16:05:45.385+08:00  INFO 94688 --- [haishi-admin] [main] .RepositoryConfigurationExtensionSupport : Spring Data Redis - Could not safely identify store assignment for repository candidate interface com.haishi.admin.shortlink.dao.ShortLinkConfigRepository; If you want this repository to be a Redis repository, consider annotating your entities with one of these annotations: org.springframework.data.redis.core.RedisHash (preferred), or consider extending one of the following types with your repository: org.springframework.data.keyvalue.repository.KeyValueRepository
2024-05-08T16:05:45.385+08:00  INFO 94688 --- [haishi-admin] [main] .s.d.r.c.RepositoryConfigurationDelegate : Finished Spring Data repository scanning in 4 ms. Found 0 Redis repository interfaces.
2024-05-08T16:05:46.005+08:00  INFO 94688 --- [haishi-admin] [main] o.s.b.w.embedded.tomcat.TomcatWebServer  : Tomcat initialized with port 8888 (http)
2024-05-08T16:05:46.015+08:00  INFO 94688 --- [haishi-admin] [main] o.apache.catalina.core.StandardService   : Starting service [Tomcat]
2024-05-08T16:05:46.015+08:00  INFO 94688 --- [haishi-admin] [main] o.apache.catalina.core.StandardEngine    : Starting Servlet engine: [Apache Tomcat/10.1.20]
2024-05-08T16:05:46.061+08:00  INFO 94688 --- [haishi-admin] [main] o.a.c.c.C.[Tomcat].[localhost].[/api]    : Initializing Spring embedded WebApplicationContext
2024-05-08T16:05:46.062+08:00  INFO 94688 --- [haishi-admin] [main] w.s.c.ServletWebServerApplicationContext : Root WebApplicationContext: initialization completed in 1615 ms
2024-05-08T16:05:46.267+08:00  INFO 94688 --- [haishi-admin] [main] o.hibernate.jpa.internal.util.LogHelper  : HHH000204: Processing PersistenceUnitInfo [name: default]
2024-05-08T16:05:46.308+08:00  INFO 94688 --- [haishi-admin] [main] org.hibernate.Version                    : HHH000412: Hibernate ORM core version 6.4.4.Final
2024-05-08T16:05:46.331+08:00  INFO 94688 --- [haishi-admin] [main] o.h.c.internal.RegionFactoryInitiator    : HHH000026: Second-level cache disabled
2024-05-08T16:05:46.482+08:00  INFO 94688 --- [haishi-admin] [main] o.s.o.j.p.SpringPersistenceUnitInfo      : No LoadTimeWeaver setup: ignoring JPA class transformer
2024-05-08T16:05:46.500+08:00  INFO 94688 --- [haishi-admin] [main] com.zaxxer.hikari.HikariDataSource       : HikariCP - Starting...
2024-05-08T16:05:51.133+08:00  INFO 94688 --- [haishi-admin] [main] com.zaxxer.hikari.pool.HikariPool        : HikariCP - Added connection org.postgresql.jdbc.PgConnection@6592a73b
2024-05-08T16:05:51.137+08:00  INFO 94688 --- [haishi-admin] [main] com.zaxxer.hikari.HikariDataSource       : HikariCP - Start completed.
2024-05-08T16:05:51.680+08:00  WARN 94688 --- [haishi-admin] [main] org.hibernate.orm.deprecation            : HHH90000025: PostgreSQLDialect does not need to be specified explicitly using 'hibernate.dialect' (remove the property setting and it will be selected by default)
2024-05-08T16:05:53.474+08:00  INFO 94688 --- [haishi-admin] [main] o.h.e.t.j.p.i.JtaPlatformInitiator       : HHH000489: No JTA platform available (set 'hibernate.transaction.jta.platform' to enable JTA platform integration)
2024-05-08T16:05:56.938+08:00  INFO 94688 --- [haishi-admin] [main] j.LocalContainerEntityManagerFactoryBean : Initialized JPA EntityManagerFactory for persistence unit 'default'
2024-05-08T16:05:57.450+08:00  INFO 94688 --- [haishi-admin] [main] org.redisson.Version                     : Redisson 3.22.1
2024-05-08T16:05:57.476+08:00 ERROR 94688 --- [haishi-admin] [main] i.n.r.d.DnsServerAddressStreamProviders  : Unable to load io.netty.resolver.dns.macos.MacOSDnsServerAddressStreamProvider, fallback to system defaults. This may result in incorrect DNS resolutions on MacOS. Check whether you have a dependency on 'io.netty:netty-resolver-dns-native-macos'. Use DEBUG level to see the full stack: java.lang.UnsatisfiedLinkError: failed to load the required native library
2024-05-08T16:05:58.949+08:00  INFO 94688 --- [haishi-admin] [redisson-netty-2-7] o.r.c.pool.MasterPubSubConnectionPool    : 1 connections initialized for localhost/127.0.0.1:6379
2024-05-08T16:06:19.591+08:00  INFO 94688 --- [haishi-admin] [redisson-netty-2-20] o.r.c.pool.MasterConnectionPool          : 24 connections initialized for localhost/127.0.0.1:6379
2024-05-08T16:06:19.993+08:00  WARN 94688 --- [haishi-admin] [main] JpaBaseConfiguration$JpaWebConfiguration : spring.jpa.open-in-view is enabled by default. Therefore, database queries may be performed during view rendering. Explicitly configure spring.jpa.open-in-view to disable this warning
2024-05-08T16:06:20.623+08:00  INFO 94688 --- [haishi-admin] [main] o.s.b.a.e.web.EndpointLinksResolver      : Exposing 1 endpoint(s) beneath base path '/actuator'
2024-05-08T16:06:20.684+08:00  INFO 94688 --- [haishi-admin] [main] o.s.b.w.embedded.tomcat.TomcatWebServer  : Tomcat started on port 8888 (http) with context path '/api'
2024-05-08T16:06:20.697+08:00  INFO 94688 --- [haishi-admin] [main] c.haishi.admin.HaishiAdminApplication    : Started HaishiAdminApplication in 36.569 seconds (process running for 37.697)
2024-05-08T16:06:20.869+08:00  INFO 94688 --- [haishi-admin] [RMI TCP Connection(3)-127.0.0.1] o.a.c.c.C.[Tomcat].[localhost].[/api]    : Initializing Spring DispatcherServlet 'dispatcherServlet'
2024-05-08T16:06:20.869+08:00  INFO 94688 --- [haishi-admin] [RMI TCP Connection(3)-127.0.0.1] o.s.web.servlet.DispatcherServlet        : Initializing Servlet 'dispatcherServlet'
2024-05-08T16:06:20.870+08:00  INFO 94688 --- [haishi-admin] [RMI TCP Connection(3)-127.0.0.1] o.s.web.servlet.DispatcherServlet        : Completed initialization in 1 ms
2024-05-08T16:06:45.129+08:00  INFO 94688 --- [haishi-admin] [http-nio-8888-exec-1] o.springdoc.api.AbstractOpenApiResource  : Init duration for springdoc-openapi is: 392 ms
2024-05-08T16:10:00.394+08:00  INFO 94688 --- [haishi-admin] [scheduling-1] c.h.admin.shortlink.task.ShortlinkTask   : 开始统计短链接的pv和uv
2024-05-08T16:10:27.573+08:00  INFO 94688 --- [haishi-admin] [scheduling-1] c.h.admin.shortlink.task.ShortlinkTask   : 统计短链接的pv和uv结束
2024-05-08T16:15:00.459+08:00  INFO 94688 --- [haishi-admin] [scheduling-1] c.h.admin.shortlink.task.ShortlinkTask   : 开始统计短链接的pv和uv
2024-05-08T16:15:24.251+08:00  INFO 94688 --- [haishi-admin] [scheduling-1] c.h.admin.shortlink.task.ShortlinkTask   : 统计短链接的pv和uv结束
2024-05-08T16:20:00.465+08:00  INFO 94688 --- [haishi-admin] [scheduling-1] c.h.admin.shortlink.task.ShortlinkTask   : 开始统计短链接的pv和uv
2024-05-08T16:20:24.624+08:00  INFO 94688 --- [haishi-admin] [scheduling-1] c.h.admin.shortlink.task.ShortlinkTask   : 统计短链接的pv和uv结束
2024-05-08T16:25:01.597+08:00  INFO 94688 --- [haishi-admin] [scheduling-1] c.h.admin.shortlink.task.ShortlinkTask   : 开始统计短链接的pv和uv
2024-05-08T16:25:37.840+08:00  INFO 94688 --- [haishi-admin] [scheduling-1] c.h.admin.shortlink.task.ShortlinkTask   : 统计短链接的pv和uv结束
